{"C:\\Users\\Matthew Hung\\Desktop\\beatdrops\\backend\\models\\post-services.js": {"path":"C:\\Users\\Matthew Hung\\Desktop\\beatdrops\\backend\\models\\post-services.js","statementMap":{"0":{"start":{"line":1,"column":17},"end":{"line":1,"column":36}},"1":{"start":{"line":2,"column":19},"end":{"line":2,"column":36}},"2":{"start":{"line":7,"column":4},"end":{"line":7,"column":27}},"3":{"start":{"line":8,"column":4},"end":{"line":8,"column":24}},"4":{"start":{"line":12,"column":4},"end":{"line":17,"column":5}},"5":{"start":{"line":13,"column":6},"end":{"line":16,"column":9}},"6":{"start":{"line":18,"column":4},"end":{"line":18,"column":24}},"7":{"start":{"line":22,"column":22},"end":{"line":22,"column":65}},"8":{"start":{"line":24,"column":4},"end":{"line":32,"column":5}},"9":{"start":{"line":25,"column":8},"end":{"line":25,"column":40}},"10":{"start":{"line":27,"column":9},"end":{"line":32,"column":5}},"11":{"start":{"line":28,"column":8},"end":{"line":28,"column":40}},"12":{"start":{"line":30,"column":9},"end":{"line":32,"column":5}},"13":{"start":{"line":31,"column":8},"end":{"line":31,"column":41}},"14":{"start":{"line":33,"column":4},"end":{"line":33,"column":18}},"15":{"start":{"line":37,"column":22},"end":{"line":37,"column":65}},"16":{"start":{"line":38,"column":4},"end":{"line":45,"column":5}},"17":{"start":{"line":39,"column":26},"end":{"line":39,"column":45}},"18":{"start":{"line":40,"column":26},"end":{"line":40,"column":48}},"19":{"start":{"line":41,"column":8},"end":{"line":41,"column":25}},"20":{"start":{"line":43,"column":8},"end":{"line":43,"column":27}},"21":{"start":{"line":44,"column":8},"end":{"line":44,"column":21}},"22":{"start":{"line":49,"column":22},"end":{"line":49,"column":65}},"23":{"start":{"line":50,"column":4},"end":{"line":65,"column":5}},"24":{"start":{"line":51,"column":8},"end":{"line":56,"column":10}},"25":{"start":{"line":59,"column":8},"end":{"line":64,"column":10}},"26":{"start":{"line":84,"column":22},"end":{"line":84,"column":65}},"27":{"start":{"line":85,"column":4},"end":{"line":90,"column":5}},"28":{"start":{"line":86,"column":8},"end":{"line":86,"column":44}},"29":{"start":{"line":88,"column":8},"end":{"line":88,"column":27}},"30":{"start":{"line":89,"column":8},"end":{"line":89,"column":25}},"31":{"start":{"line":94,"column":22},"end":{"line":94,"column":65}},"32":{"start":{"line":95,"column":4},"end":{"line":95,"column":49}},"33":{"start":{"line":99,"column":22},"end":{"line":99,"column":65}},"34":{"start":{"line":100,"column":4},"end":{"line":100,"column":51}},"35":{"start":{"line":103,"column":0},"end":{"line":103,"column":28}},"36":{"start":{"line":104,"column":0},"end":{"line":104,"column":26}},"37":{"start":{"line":105,"column":0},"end":{"line":105,"column":44}},"38":{"start":{"line":107,"column":0},"end":{"line":107,"column":36}},"39":{"start":{"line":108,"column":0},"end":{"line":108,"column":38}}},"fnMap":{"0":{"name":"setConnection","decl":{"start":{"line":6,"column":9},"end":{"line":6,"column":22}},"loc":{"start":{"line":6,"column":31},"end":{"line":9,"column":3}},"line":6},"1":{"name":"getDbConnection","decl":{"start":{"line":11,"column":9},"end":{"line":11,"column":24}},"loc":{"start":{"line":11,"column":27},"end":{"line":19,"column":3}},"line":11},"2":{"name":"getPosts","decl":{"start":{"line":21,"column":17},"end":{"line":21,"column":25}},"loc":{"start":{"line":21,"column":40},"end":{"line":34,"column":1}},"line":21},"3":{"name":"addPost","decl":{"start":{"line":36,"column":15},"end":{"line":36,"column":22}},"loc":{"start":{"line":36,"column":28},"end":{"line":46,"column":1}},"line":36},"4":{"name":"updateLikeStatus","decl":{"start":{"line":48,"column":15},"end":{"line":48,"column":31}},"loc":{"start":{"line":48,"column":49},"end":{"line":66,"column":1}},"line":48},"5":{"name":"findPostById","decl":{"start":{"line":83,"column":15},"end":{"line":83,"column":27}},"loc":{"start":{"line":83,"column":31},"end":{"line":91,"column":1}},"line":83},"6":{"name":"findPostByTitle","decl":{"start":{"line":93,"column":15},"end":{"line":93,"column":30}},"loc":{"start":{"line":93,"column":37},"end":{"line":96,"column":1}},"line":93},"7":{"name":"findPostByArtist","decl":{"start":{"line":98,"column":15},"end":{"line":98,"column":31}},"loc":{"start":{"line":98,"column":39},"end":{"line":101,"column":1}},"line":98}},"branchMap":{"0":{"loc":{"start":{"line":12,"column":4},"end":{"line":17,"column":5}},"type":"if","locations":[{"start":{"line":12,"column":4},"end":{"line":17,"column":5}},{"start":{},"end":{}}],"line":12},"1":{"loc":{"start":{"line":24,"column":4},"end":{"line":32,"column":5}},"type":"if","locations":[{"start":{"line":24,"column":4},"end":{"line":32,"column":5}},{"start":{"line":27,"column":9},"end":{"line":32,"column":5}}],"line":24},"2":{"loc":{"start":{"line":24,"column":7},"end":{"line":24,"column":50}},"type":"binary-expr","locations":[{"start":{"line":24,"column":7},"end":{"line":24,"column":26}},{"start":{"line":24,"column":30},"end":{"line":24,"column":50}}],"line":24},"3":{"loc":{"start":{"line":27,"column":9},"end":{"line":32,"column":5}},"type":"if","locations":[{"start":{"line":27,"column":9},"end":{"line":32,"column":5}},{"start":{"line":30,"column":9},"end":{"line":32,"column":5}}],"line":27},"4":{"loc":{"start":{"line":27,"column":12},"end":{"line":27,"column":28}},"type":"binary-expr","locations":[{"start":{"line":27,"column":12},"end":{"line":27,"column":17}},{"start":{"line":27,"column":21},"end":{"line":27,"column":28}}],"line":27},"5":{"loc":{"start":{"line":30,"column":9},"end":{"line":32,"column":5}},"type":"if","locations":[{"start":{"line":30,"column":9},"end":{"line":32,"column":5}},{"start":{},"end":{}}],"line":30},"6":{"loc":{"start":{"line":30,"column":12},"end":{"line":30,"column":28}},"type":"binary-expr","locations":[{"start":{"line":30,"column":12},"end":{"line":30,"column":18}},{"start":{"line":30,"column":22},"end":{"line":30,"column":28}}],"line":30},"7":{"loc":{"start":{"line":50,"column":4},"end":{"line":65,"column":5}},"type":"if","locations":[{"start":{"line":50,"column":4},"end":{"line":65,"column":5}},{"start":{"line":58,"column":9},"end":{"line":65,"column":5}}],"line":50}},"s":{"0":1,"1":1,"2":1,"3":1,"4":24,"5":0,"6":24,"7":3,"8":3,"9":1,"10":2,"11":1,"12":1,"13":1,"14":3,"15":14,"16":14,"17":14,"18":14,"19":9,"20":5,"21":5,"22":2,"23":2,"24":1,"25":1,"26":3,"27":3,"28":3,"29":1,"30":1,"31":1,"32":1,"33":1,"34":1,"35":1,"36":1,"37":1,"38":1,"39":1},"f":{"0":1,"1":24,"2":3,"3":14,"4":2,"5":3,"6":1,"7":1},"b":{"0":[0,24],"1":[1,2],"2":[3,2],"3":[1,1],"4":[2,1],"5":[1,0],"6":[1,1],"7":[1,1]},"_coverageSchema":"1a1c01bbd47fc00a2c39e90264f33305004495a9","hash":"78e66472f936f890febf744c0d1878466585b6cc"}
,"C:\\Users\\Matthew Hung\\Desktop\\beatdrops\\backend\\models\\post.js": {"path":"C:\\Users\\Matthew Hung\\Desktop\\beatdrops\\backend\\models\\post.js","statementMap":{"0":{"start":{"line":1,"column":17},"end":{"line":1,"column":36}},"1":{"start":{"line":3,"column":19},"end":{"line":24,"column":1}},"2":{"start":{"line":26,"column":0},"end":{"line":26,"column":28}}},"fnMap":{},"branchMap":{},"s":{"0":1,"1":1,"2":1},"f":{},"b":{},"_coverageSchema":"1a1c01bbd47fc00a2c39e90264f33305004495a9","hash":"c9b8a1a47f6a5bd6946a4685ab0e68985f3805c0"}
,"C:\\Users\\Matthew Hung\\Desktop\\beatdrops\\backend\\models\\user-services.js": {"path":"C:\\Users\\Matthew Hung\\Desktop\\beatdrops\\backend\\models\\user-services.js","statementMap":{"0":{"start":{"line":1,"column":17},"end":{"line":1,"column":36}},"1":{"start":{"line":2,"column":19},"end":{"line":2,"column":36}},"2":{"start":{"line":3,"column":15},"end":{"line":3,"column":32}},"3":{"start":{"line":8,"column":4},"end":{"line":8,"column":27}},"4":{"start":{"line":9,"column":4},"end":{"line":9,"column":24}},"5":{"start":{"line":13,"column":4},"end":{"line":18,"column":5}},"6":{"start":{"line":14,"column":6},"end":{"line":17,"column":9}},"7":{"start":{"line":19,"column":4},"end":{"line":19,"column":24}},"8":{"start":{"line":23,"column":22},"end":{"line":23,"column":65}},"9":{"start":{"line":24,"column":4},"end":{"line":31,"column":5}},"10":{"start":{"line":25,"column":26},"end":{"line":25,"column":45}},"11":{"start":{"line":26,"column":26},"end":{"line":26,"column":48}},"12":{"start":{"line":27,"column":8},"end":{"line":27,"column":25}},"13":{"start":{"line":30,"column":8},"end":{"line":30,"column":21}},"14":{"start":{"line":35,"column":22},"end":{"line":35,"column":65}},"15":{"start":{"line":36,"column":19},"end":{"line":36,"column":41}},"16":{"start":{"line":37,"column":4},"end":{"line":37,"column":18}},"17":{"start":{"line":41,"column":22},"end":{"line":41,"column":65}},"18":{"start":{"line":42,"column":4},"end":{"line":47,"column":5}},"19":{"start":{"line":43,"column":8},"end":{"line":43,"column":44}},"20":{"start":{"line":45,"column":8},"end":{"line":45,"column":27}},"21":{"start":{"line":46,"column":8},"end":{"line":46,"column":25}},"22":{"start":{"line":51,"column":22},"end":{"line":51,"column":65}},"23":{"start":{"line":52,"column":4},"end":{"line":57,"column":5}},"24":{"start":{"line":53,"column":8},"end":{"line":53,"column":65}},"25":{"start":{"line":55,"column":8},"end":{"line":55,"column":27}},"26":{"start":{"line":56,"column":8},"end":{"line":56,"column":25}},"27":{"start":{"line":61,"column":22},"end":{"line":61,"column":65}},"28":{"start":{"line":62,"column":4},"end":{"line":67,"column":5}},"29":{"start":{"line":63,"column":8},"end":{"line":63,"column":97}},"30":{"start":{"line":65,"column":8},"end":{"line":65,"column":27}},"31":{"start":{"line":66,"column":8},"end":{"line":66,"column":25}},"32":{"start":{"line":71,"column":22},"end":{"line":71,"column":65}},"33":{"start":{"line":72,"column":4},"end":{"line":77,"column":5}},"34":{"start":{"line":73,"column":8},"end":{"line":73,"column":97}},"35":{"start":{"line":75,"column":8},"end":{"line":75,"column":27}},"36":{"start":{"line":76,"column":8},"end":{"line":76,"column":25}},"37":{"start":{"line":80,"column":22},"end":{"line":80,"column":65}},"38":{"start":{"line":81,"column":4},"end":{"line":81,"column":23}},"39":{"start":{"line":82,"column":17},"end":{"line":82,"column":58}},"40":{"start":{"line":83,"column":4},"end":{"line":83,"column":22}},"41":{"start":{"line":84,"column":4},"end":{"line":90,"column":5}},"42":{"start":{"line":85,"column":19},"end":{"line":85,"column":64}},"43":{"start":{"line":86,"column":6},"end":{"line":88,"column":7}},"44":{"start":{"line":87,"column":8},"end":{"line":87,"column":20}},"45":{"start":{"line":89,"column":6},"end":{"line":89,"column":40}},"46":{"start":{"line":91,"column":4},"end":{"line":91,"column":35}},"47":{"start":{"line":94,"column":0},"end":{"line":94,"column":28}},"48":{"start":{"line":95,"column":0},"end":{"line":95,"column":26}},"49":{"start":{"line":96,"column":0},"end":{"line":96,"column":36}},"50":{"start":{"line":97,"column":0},"end":{"line":97,"column":36}},"51":{"start":{"line":98,"column":0},"end":{"line":98,"column":36}},"52":{"start":{"line":99,"column":0},"end":{"line":99,"column":42}},"53":{"start":{"line":100,"column":0},"end":{"line":100,"column":22}},"54":{"start":{"line":101,"column":0},"end":{"line":101,"column":38}}},"fnMap":{"0":{"name":"setConnection","decl":{"start":{"line":7,"column":9},"end":{"line":7,"column":22}},"loc":{"start":{"line":7,"column":31},"end":{"line":10,"column":3}},"line":7},"1":{"name":"getDbConnection","decl":{"start":{"line":12,"column":9},"end":{"line":12,"column":24}},"loc":{"start":{"line":12,"column":27},"end":{"line":20,"column":3}},"line":12},"2":{"name":"addUser","decl":{"start":{"line":22,"column":15},"end":{"line":22,"column":22}},"loc":{"start":{"line":22,"column":28},"end":{"line":32,"column":1}},"line":22},"3":{"name":"getUsers","decl":{"start":{"line":34,"column":15},"end":{"line":34,"column":23}},"loc":{"start":{"line":34,"column":25},"end":{"line":38,"column":1}},"line":34},"4":{"name":"findUserById","decl":{"start":{"line":40,"column":15},"end":{"line":40,"column":27}},"loc":{"start":{"line":40,"column":31},"end":{"line":48,"column":1}},"line":40},"5":{"name":"getUserLiked","decl":{"start":{"line":50,"column":15},"end":{"line":50,"column":27}},"loc":{"start":{"line":50,"column":31},"end":{"line":58,"column":1}},"line":50},"6":{"name":"addUserLiked","decl":{"start":{"line":60,"column":15},"end":{"line":60,"column":27}},"loc":{"start":{"line":60,"column":45},"end":{"line":68,"column":1}},"line":60},"7":{"name":"removeUserLiked","decl":{"start":{"line":70,"column":15},"end":{"line":70,"column":30}},"loc":{"start":{"line":70,"column":49},"end":{"line":78,"column":1}},"line":70},"8":{"name":"login","decl":{"start":{"line":79,"column":15},"end":{"line":79,"column":20}},"loc":{"start":{"line":79,"column":38},"end":{"line":92,"column":3}},"line":79}},"branchMap":{"0":{"loc":{"start":{"line":13,"column":4},"end":{"line":18,"column":5}},"type":"if","locations":[{"start":{"line":13,"column":4},"end":{"line":18,"column":5}},{"start":{},"end":{}}],"line":13},"1":{"loc":{"start":{"line":84,"column":4},"end":{"line":90,"column":5}},"type":"if","locations":[{"start":{"line":84,"column":4},"end":{"line":90,"column":5}},{"start":{},"end":{}}],"line":84},"2":{"loc":{"start":{"line":86,"column":6},"end":{"line":88,"column":7}},"type":"if","locations":[{"start":{"line":86,"column":6},"end":{"line":88,"column":7}},{"start":{},"end":{}}],"line":86}},"s":{"0":1,"1":1,"2":1,"3":1,"4":1,"5":22,"6":0,"7":22,"8":7,"9":7,"10":7,"11":7,"12":5,"13":2,"14":2,"15":2,"16":2,"17":3,"18":3,"19":3,"20":1,"21":1,"22":2,"23":2,"24":2,"25":1,"26":1,"27":3,"28":3,"29":3,"30":1,"31":1,"32":2,"33":2,"34":2,"35":1,"36":1,"37":3,"38":3,"39":3,"40":3,"41":3,"42":2,"43":2,"44":1,"45":1,"46":1,"47":1,"48":1,"49":1,"50":1,"51":1,"52":1,"53":1,"54":1},"f":{"0":1,"1":22,"2":7,"3":2,"4":3,"5":2,"6":3,"7":2,"8":3},"b":{"0":[0,22],"1":[2,1],"2":[1,1]},"_coverageSchema":"1a1c01bbd47fc00a2c39e90264f33305004495a9","hash":"efe620579f2c6153d2cad3518392ec05d3f3396a"}
,"C:\\Users\\Matthew Hung\\Desktop\\beatdrops\\backend\\models\\user.js": {"path":"C:\\Users\\Matthew Hung\\Desktop\\beatdrops\\backend\\models\\user.js","statementMap":{"0":{"start":{"line":1,"column":17},"end":{"line":1,"column":36}},"1":{"start":{"line":2,"column":20},"end":{"line":2,"column":40}},"2":{"start":{"line":3,"column":15},"end":{"line":3,"column":32}},"3":{"start":{"line":4,"column":22},"end":{"line":4,"column":58}},"4":{"start":{"line":6,"column":19},"end":{"line":27,"column":1}},"5":{"start":{"line":31,"column":0},"end":{"line":35,"column":3}},"6":{"start":{"line":32,"column":17},"end":{"line":32,"column":39}},"7":{"start":{"line":33,"column":4},"end":{"line":33,"column":59}},"8":{"start":{"line":34,"column":4},"end":{"line":34,"column":11}},"9":{"start":{"line":37,"column":0},"end":{"line":37,"column":35}},"10":{"start":{"line":39,"column":0},"end":{"line":39,"column":28}}},"fnMap":{"0":{"name":"(anonymous_0)","decl":{"start":{"line":31,"column":23},"end":{"line":31,"column":24}},"loc":{"start":{"line":31,"column":45},"end":{"line":35,"column":1}},"line":31}},"branchMap":{},"s":{"0":1,"1":1,"2":1,"3":1,"4":1,"5":1,"6":93,"7":93,"8":93,"9":1,"10":1},"f":{"0":93},"b":{},"_coverageSchema":"1a1c01bbd47fc00a2c39e90264f33305004495a9","hash":"f6b324a1df43888e3b43a96fb7f4b444b7a6422e"}
}
