TN:
SF:post-services.js
FN:6,setConnection
FN:11,getDbConnection
FN:21,getPosts
FN:36,addPost
FN:48,updateLikeStatus
FN:83,findPostById
FN:93,findPostByTitle
FN:98,findPostByArtist
FNF:8
FNH:8
FNDA:1,setConnection
FNDA:23,getDbConnection
FNDA:2,getPosts
FNDA:14,addPost
FNDA:2,updateLikeStatus
FNDA:3,findPostById
FNDA:1,findPostByTitle
FNDA:1,findPostByArtist
DA:1,1
DA:2,1
DA:7,1
DA:8,1
DA:12,23
DA:13,0
DA:18,23
DA:22,2
DA:24,2
DA:25,0
DA:27,2
DA:28,1
DA:30,1
DA:31,1
DA:33,2
DA:37,14
DA:38,14
DA:39,14
DA:40,14
DA:41,9
DA:43,5
DA:44,5
DA:49,2
DA:50,2
DA:51,1
DA:59,1
DA:84,3
DA:85,3
DA:86,3
DA:88,1
DA:89,1
DA:94,1
DA:95,1
DA:99,1
DA:100,1
DA:103,1
DA:104,1
DA:105,1
DA:107,1
DA:108,1
LF:40
LH:38
BRDA:12,0,0,0
BRDA:12,0,1,23
BRDA:24,1,0,0
BRDA:24,1,1,2
BRDA:24,2,0,2
BRDA:24,2,1,1
BRDA:27,3,0,1
BRDA:27,3,1,1
BRDA:27,4,0,2
BRDA:27,4,1,1
BRDA:30,5,0,1
BRDA:30,5,1,0
BRDA:30,6,0,1
BRDA:30,6,1,1
BRDA:50,7,0,1
BRDA:50,7,1,1
BRF:16
BRH:13
end_of_record
TN:
SF:post.js
FNF:0
FNH:0
DA:1,1
DA:3,1
DA:26,1
LF:3
LH:3
BRF:0
BRH:0
end_of_record
TN:
SF:user-services.js
FN:7,setConnection
FN:12,getDbConnection
FN:22,addUser
FN:34,getUsers
FN:40,findUserById
FN:50,getUserLiked
FN:60,addUserLiked
FN:70,removeUserLiked
FN:79,login
FNF:9
FNH:9
FNDA:1,setConnection
FNDA:21,getDbConnection
FNDA:7,addUser
FNDA:2,getUsers
FNDA:3,findUserById
FNDA:2,getUserLiked
FNDA:3,addUserLiked
FNDA:2,removeUserLiked
FNDA:2,login
DA:1,1
DA:2,1
DA:3,1
DA:8,1
DA:9,1
DA:13,21
DA:14,0
DA:19,21
DA:23,7
DA:24,7
DA:25,7
DA:26,7
DA:27,5
DA:30,2
DA:35,2
DA:36,2
DA:37,2
DA:41,3
DA:42,3
DA:43,3
DA:45,1
DA:46,1
DA:51,2
DA:52,2
DA:53,2
DA:55,1
DA:56,1
DA:61,3
DA:62,3
DA:63,3
DA:65,1
DA:66,1
DA:71,2
DA:72,2
DA:73,2
DA:75,1
DA:76,1
DA:80,2
DA:81,2
DA:82,2
DA:83,2
DA:84,2
DA:85,2
DA:86,2
DA:87,1
DA:89,1
DA:91,0
DA:94,1
DA:95,1
DA:96,1
DA:97,1
DA:98,1
DA:99,1
DA:100,1
DA:101,1
LF:55
LH:53
BRDA:13,0,0,0
BRDA:13,0,1,21
BRDA:84,1,0,2
BRDA:84,1,1,0
BRDA:86,2,0,1
BRDA:86,2,1,1
BRF:6
BRH:4
end_of_record
TN:
SF:user.js
FN:31,(anonymous_0)
FNF:1
FNH:1
FNDA:90,(anonymous_0)
DA:1,1
DA:2,1
DA:3,1
DA:4,1
DA:6,1
DA:31,1
DA:32,90
DA:33,90
DA:34,90
DA:37,1
DA:39,1
LF:11
LH:11
BRF:0
BRH:0
end_of_record
