TN:
SF:post-services.js
FN:6,setConnection
FN:11,getDbConnection
FN:21,getPosts
FN:36,addPost
FN:47,updateLikeStatus
FN:67,findPostById
FN:76,findPostByTitle
FN:81,findPostByArtist
FNF:8
FNH:8
FNDA:1,setConnection
FNDA:24,getDbConnection
FNDA:3,getPosts
FNDA:14,addPost
FNDA:2,updateLikeStatus
FNDA:3,findPostById
FNDA:1,findPostByTitle
FNDA:1,findPostByArtist
DA:1,1
DA:2,1
DA:7,1
DA:8,1
DA:12,24
DA:13,0
DA:18,24
DA:22,3
DA:24,3
DA:25,1
DA:27,2
DA:28,1
DA:30,1
DA:31,1
DA:33,3
DA:37,14
DA:38,14
DA:39,14
DA:40,14
DA:41,9
DA:43,5
DA:48,2
DA:49,2
DA:50,1
DA:58,1
DA:68,3
DA:69,3
DA:70,3
DA:72,1
DA:77,1
DA:78,1
DA:82,1
DA:83,1
DA:86,1
DA:87,1
DA:88,1
DA:90,1
DA:91,1
LF:38
LH:37
BRDA:12,0,0,0
BRDA:12,0,1,24
BRDA:24,1,0,1
BRDA:24,1,1,2
BRDA:24,2,0,3
BRDA:24,2,1,2
BRDA:27,3,0,1
BRDA:27,3,1,1
BRDA:27,4,0,2
BRDA:27,4,1,1
BRDA:30,5,0,1
BRDA:30,5,1,0
BRDA:30,6,0,1
BRDA:30,6,1,1
BRDA:49,7,0,1
BRDA:49,7,1,1
BRF:16
BRH:14
end_of_record
TN:
SF:post.js
FNF:0
FNH:0
DA:1,1
DA:3,1
DA:26,1
LF:3
LH:3
BRF:0
BRH:0
end_of_record
TN:
SF:user-services.js
FN:7,setConnection
FN:12,getDbConnection
FN:22,addUser
FN:34,getUsers
FN:40,findUserById
FN:49,getUserLiked
FN:58,addUserLiked
FN:67,removeUserLiked
FN:75,login
FNF:9
FNH:9
FNDA:1,setConnection
FNDA:22,getDbConnection
FNDA:7,addUser
FNDA:2,getUsers
FNDA:3,findUserById
FNDA:2,getUserLiked
FNDA:3,addUserLiked
FNDA:2,removeUserLiked
FNDA:3,login
DA:1,1
DA:2,1
DA:3,1
DA:8,1
DA:9,1
DA:13,22
DA:14,0
DA:19,22
DA:23,7
DA:24,7
DA:25,7
DA:26,7
DA:27,5
DA:30,2
DA:35,2
DA:36,2
DA:37,2
DA:41,3
DA:42,3
DA:43,3
DA:45,1
DA:50,2
DA:51,2
DA:52,2
DA:54,1
DA:59,3
DA:60,3
DA:61,3
DA:63,1
DA:68,2
DA:69,2
DA:70,2
DA:72,1
DA:76,3
DA:77,3
DA:78,3
DA:79,2
DA:80,2
DA:81,1
DA:83,1
DA:85,1
DA:88,1
DA:89,1
DA:90,1
DA:91,1
DA:92,1
DA:93,1
DA:94,1
DA:95,1
LF:49
LH:48
BRDA:13,0,0,0
BRDA:13,0,1,22
BRDA:78,1,0,2
BRDA:78,1,1,1
BRDA:80,2,0,1
BRDA:80,2,1,1
BRF:6
BRH:5
end_of_record
TN:
SF:user.js
FN:31,(anonymous_0)
FNF:1
FNH:1
FNDA:93,(anonymous_0)
DA:1,1
DA:2,1
DA:3,1
DA:4,1
DA:6,1
DA:31,1
DA:32,93
DA:33,93
DA:34,93
DA:37,1
DA:39,1
LF:11
LH:11
BRF:0
BRH:0
end_of_record
